[2025-07-25 23:33:58] Pokretanje monitoring skripte...
[2025-07-25 23:34:08] :x: Servis je DOWN na http://gs-rest-service-mphw.onrender.com/greeting - HTTPSConnectionPool(host='gs-rest-service-mphw.onrender.com', port=443): Read timed out. (read timeout=10)
[2025-07-25 23:37:11] Pokretanje monitoring skripte...
[2025-07-25 23:38:01] Pokretanje monitoring skripte...
[2025-07-25 23:40:24] Pokretanje monitoring skripte...
[2025-07-25 23:42:11] Pokretanje monitoring skripte...
[2025-07-25 23:42:53] Pokretanje monitoring skripte...
[2025-07-25 23:43:30] Pokretanje monitoring skripte...
[2025-07-25 23:45:07] 🟢 Pokretanje monitoring skripte...
[2025-07-25 23:45:08] :white_check_mark: Servis je ponovo UP na http://gs-rest-service-mphw.onrender.com/greeting
[2025-07-25 23:45:38] Servis je i dalje UP
[2025-07-25 23:46:08] Servis je i dalje UP
[2025-07-25 23:46:39] Servis je i dalje UP
[2025-07-25 23:47:09] Servis je i dalje UP
[2025-07-25 23:47:39] Servis je i dalje UP
[2025-07-25 23:48:09] :x: Servis je DOWN na http://gs-rest-service-mphw.onrender.com/greeting - Status code: 502
[2025-07-25 23:48:40] :white_check_mark: Servis je ponovo UP na http://gs-rest-service-mphw.onrender.com/greeting
[2025-07-25 23:49:11] Servis je i dalje UP
[2025-07-25 23:49:41] Servis je i dalje UP
[2025-07-25 23:50:11] Servis je i dalje UP
[2025-07-25 23:50:41] Servis je i dalje UP
[2025-07-25 23:51:12] Servis je i dalje UP
[2025-07-25 23:51:42] Servis je i dalje UP
[2025-07-25 23:52:12] Servis je i dalje UP
[2025-07-25 23:52:42] Servis je i dalje UP
[2025-07-25 23:53:13] Servis je i dalje UP
[2025-07-25 23:53:43] Servis je i dalje UP
[2025-07-25 23:54:13] Servis je i dalje UP
[2025-07-25 23:54:43] Servis je i dalje UP
[2025-07-25 23:55:14] Servis je i dalje UP
[2025-07-25 23:55:44] Servis je i dalje UP
[2025-07-25 23:56:14] Servis je i dalje UP
[2025-07-25 23:56:45] Servis je i dalje UP
[2025-07-25 23:57:15] Servis je i dalje UP
[2025-07-25 23:57:45] Servis je i dalje UP
[2025-07-25 23:58:15] Servis je i dalje UP
[2025-07-25 23:58:46] Servis je i dalje UP
[2025-07-25 23:59:16] Servis je i dalje UP
[2025-07-25 23:59:46] Servis je i dalje UP
[2025-07-26 00:00:16] Servis je i dalje UP
[2025-07-26 00:00:46] Servis je i dalje UP
[2025-07-26 00:01:17] Servis je i dalje UP
[2025-07-26 00:01:47] Servis je i dalje UP
[2025-07-26 00:02:17] Servis je i dalje UP
[2025-07-26 00:02:47] Servis je i dalje UP
[2025-07-26 00:03:18] Servis je i dalje UP
[2025-07-26 00:03:48] Servis je i dalje UP
[2025-07-26 00:04:18] Servis je i dalje UP
[2025-07-26 00:04:49] Servis je i dalje UP
[2025-07-26 00:05:19] Servis je i dalje UP
[2025-07-26 00:05:49] Servis je i dalje UP
[2025-07-26 00:06:19] Servis je i dalje UP
[2025-07-26 00:07:00] Servis je i dalje UP
[2025-07-26 00:07:30] Servis je i dalje UP
[2025-07-26 00:08:00] Servis je i dalje UP
[2025-07-26 00:08:30] Servis je i dalje UP
[2025-07-26 00:09:01] Servis je i dalje UP
[2025-07-26 00:09:31] Servis je i dalje UP
[2025-07-26 00:10:01] Servis je i dalje UP
[2025-07-26 00:10:31] Servis je i dalje UP
[2025-07-26 00:11:02] Servis je i dalje UP
[2025-07-26 00:11:32] Servis je i dalje UP
[2025-07-26 00:12:02] Servis je i dalje UP
[2025-07-26 00:12:32] Servis je i dalje UP
[2025-07-26 00:13:03] Servis je i dalje UP
[2025-07-26 00:13:33] Servis je i dalje UP
[2025-07-26 00:14:03] Servis je i dalje UP
[2025-07-26 00:14:33] Servis je i dalje UP
[2025-07-26 00:15:04] Servis je i dalje UP
[2025-07-26 00:15:34] Servis je i dalje UP
[2025-07-26 00:16:04] Servis je i dalje UP
[2025-07-26 00:16:34] Servis je i dalje UP
[2025-07-26 00:17:05] Servis je i dalje UP
[2025-07-26 00:17:35] Servis je i dalje UP
[2025-07-26 00:18:05] Servis je i dalje UP
[2025-07-26 00:18:35] Servis je i dalje UP
[2025-07-26 00:19:06] Servis je i dalje UP
[2025-07-26 00:19:36] Servis je i dalje UP
[2025-07-26 00:20:06] Servis je i dalje UP
[2025-07-26 00:20:36] Servis je i dalje UP
[2025-07-26 00:21:07] Servis je i dalje UP
[2025-07-26 00:21:37] Servis je i dalje UP
[2025-07-26 00:22:07] Servis je i dalje UP
[2025-07-26 00:22:37] Servis je i dalje UP
[2025-07-26 00:23:08] Servis je i dalje UP
[2025-07-26 00:23:38] Servis je i dalje UP
[2025-07-26 00:24:08] Servis je i dalje UP
[2025-07-26 00:24:38] Servis je i dalje UP
[2025-07-26 00:25:09] Servis je i dalje UP
[2025-07-26 00:25:39] Servis je i dalje UP
[2025-07-26 00:26:09] Servis je i dalje UP
[2025-07-26 00:26:40] Servis je i dalje UP
[2025-07-26 00:27:10] Servis je i dalje UP
[2025-07-26 00:27:40] Servis je i dalje UP
[2025-07-26 00:28:10] Servis je i dalje UP
[2025-07-26 00:28:41] Servis je i dalje UP
[2025-07-26 00:29:11] Servis je i dalje UP
[2025-07-26 00:29:41] Servis je i dalje UP
[2025-07-26 00:30:11] Servis je i dalje UP
[2025-07-26 00:30:42] Servis je i dalje UP
[2025-07-26 00:31:12] Servis je i dalje UP
[2025-07-26 00:31:42] Servis je i dalje UP
[2025-07-26 00:32:12] Servis je i dalje UP
[2025-07-26 00:32:43] Servis je i dalje UP
[2025-07-26 00:33:13] Servis je i dalje UP
[2025-07-26 00:33:43] Servis je i dalje UP
[2025-07-26 00:34:13] Servis je i dalje UP
[2025-07-26 00:34:44] Servis je i dalje UP
[2025-07-26 00:35:14] Servis je i dalje UP
[2025-07-26 00:35:44] Servis je i dalje UP
[2025-07-26 00:36:14] Servis je i dalje UP
[2025-07-26 00:36:45] Servis je i dalje UP
[2025-07-26 00:37:15] Servis je i dalje UP
[2025-07-26 00:37:45] Servis je i dalje UP
[2025-07-26 00:38:15] Servis je i dalje UP
[2025-07-26 00:38:46] Servis je i dalje UP
[2025-07-26 00:39:16] Servis je i dalje UP
[2025-07-26 00:39:46] Servis je i dalje UP
[2025-07-26 00:40:16] Servis je i dalje UP
[2025-07-26 00:40:47] Servis je i dalje UP
[2025-07-26 00:41:17] Servis je i dalje UP
[2025-07-26 00:41:47] Servis je i dalje UP
[2025-07-26 00:42:17] Servis je i dalje UP
[2025-07-26 00:42:48] Servis je i dalje UP
[2025-07-26 00:43:18] Servis je i dalje UP
[2025-07-26 00:43:48] Servis je i dalje UP
[2025-07-26 00:44:18] Servis je i dalje UP
[2025-07-26 00:44:49] Servis je i dalje UP
[2025-07-26 00:45:19] Servis je i dalje UP
[2025-07-26 00:45:49] Servis je i dalje UP
[2025-07-26 00:46:20] Servis je i dalje UP
[2025-07-26 00:46:50] Servis je i dalje UP
[2025-07-26 00:47:20] Servis je i dalje UP
[2025-07-26 00:47:50] Servis je i dalje UP
[2025-07-26 00:48:21] Servis je i dalje UP
[2025-07-26 00:48:51] Servis je i dalje UP
[2025-07-26 00:49:21] Servis je i dalje UP
[2025-07-26 00:49:51] Servis je i dalje UP
[2025-07-26 00:50:21] Servis je i dalje UP
[2025-07-26 00:50:52] Servis je i dalje UP
[2025-07-26 00:51:22] Servis je i dalje UP
[2025-07-26 00:51:52] Servis je i dalje UP
[2025-07-26 00:52:23] Servis je i dalje UP
[2025-07-26 00:52:53] Servis je i dalje UP
[2025-07-26 00:53:23] Servis je i dalje UP
[2025-07-26 00:53:53] Servis je i dalje UP
[2025-07-26 00:54:24] Servis je i dalje UP
[2025-07-26 00:54:54] Servis je i dalje UP
[2025-07-26 00:55:24] Servis je i dalje UP
[2025-07-26 00:55:54] Servis je i dalje UP
[2025-07-26 00:56:25] Servis je i dalje UP
[2025-07-26 00:56:55] Servis je i dalje UP
[2025-07-26 00:57:25] Servis je i dalje UP
[2025-07-26 00:57:55] Servis je i dalje UP
[2025-07-26 00:58:26] Servis je i dalje UP
[2025-07-26 00:58:56] Servis je i dalje UP
[2025-07-26 00:59:26] Servis je i dalje UP
[2025-07-26 00:59:56] Servis je i dalje UP
[2025-07-26 01:00:27] Servis je i dalje UP
[2025-07-26 01:00:57] Servis je i dalje UP
[2025-07-26 01:01:27] Servis je i dalje UP
[2025-07-26 01:01:57] Servis je i dalje UP
[2025-07-26 01:02:28] Servis je i dalje UP
[2025-07-26 01:02:58] Servis je i dalje UP
[2025-07-26 01:03:28] Servis je i dalje UP
[2025-07-26 01:03:58] Servis je i dalje UP
[2025-07-26 01:04:29] Servis je i dalje UP
[2025-07-26 01:04:59] Servis je i dalje UP
[2025-07-26 01:05:29] Servis je i dalje UP
[2025-07-26 01:06:00] Servis je i dalje UP
[2025-07-26 01:06:30] Servis je i dalje UP
[2025-07-26 01:07:00] Servis je i dalje UP
[2025-07-26 01:07:30] Servis je i dalje UP
[2025-07-26 01:08:01] Servis je i dalje UP
[2025-07-26 01:08:31] Servis je i dalje UP
[2025-07-26 01:09:01] Servis je i dalje UP
[2025-07-26 01:09:31] Servis je i dalje UP
[2025-07-26 01:10:02] Servis je i dalje UP
[2025-07-26 01:10:32] Servis je i dalje UP
[2025-07-26 01:11:02] Servis je i dalje UP
[2025-07-26 01:11:32] Servis je i dalje UP
[2025-07-26 01:12:03] Servis je i dalje UP
[2025-07-26 01:12:33] Servis je i dalje UP
[2025-07-26 01:13:03] Servis je i dalje UP
[2025-07-26 01:13:33] Servis je i dalje UP
[2025-07-26 01:14:03] Servis je i dalje UP
[2025-07-26 01:14:34] Servis je i dalje UP
[2025-07-26 01:15:04] Servis je i dalje UP
[2025-07-26 01:15:34] Servis je i dalje UP
[2025-07-26 01:16:04] Servis je i dalje UP
[2025-07-26 01:16:35] Servis je i dalje UP
[2025-07-26 01:17:05] Servis je i dalje UP
[2025-07-26 01:17:35] Servis je i dalje UP
[2025-07-26 01:18:05] Servis je i dalje UP
[2025-07-26 01:18:36] Servis je i dalje UP
[2025-07-26 01:19:06] Servis je i dalje UP
[2025-07-26 01:19:36] Servis je i dalje UP
[2025-07-26 01:20:06] Servis je i dalje UP
[2025-07-26 01:20:37] Servis je i dalje UP
[2025-07-26 01:21:07] Servis je i dalje UP
[2025-07-26 01:21:37] Servis je i dalje UP
[2025-07-26 01:22:07] Servis je i dalje UP
[2025-07-26 01:22:38] Servis je i dalje UP
[2025-07-26 01:23:09] Servis je i dalje UP
[2025-07-26 01:23:39] Servis je i dalje UP
[2025-07-26 01:24:09] Servis je i dalje UP
[2025-07-26 01:24:39] Servis je i dalje UP
[2025-07-26 01:25:10] Servis je i dalje UP
[2025-07-26 01:25:40] Servis je i dalje UP
[2025-07-26 01:26:10] Servis je i dalje UP
[2025-07-26 01:26:40] Servis je i dalje UP
[2025-07-26 01:27:11] Servis je i dalje UP
[2025-07-26 01:27:41] Servis je i dalje UP
[2025-07-26 01:28:11] Servis je i dalje UP
[2025-07-26 01:28:41] Servis je i dalje UP
[2025-07-26 01:29:11] Servis je i dalje UP
[2025-07-26 01:29:42] Servis je i dalje UP
[2025-07-26 01:30:12] Servis je i dalje UP
[2025-07-26 01:30:42] Servis je i dalje UP
[2025-07-26 01:31:12] Servis je i dalje UP
[2025-07-26 01:31:43] Servis je i dalje UP
[2025-07-26 01:32:13] Servis je i dalje UP
[2025-07-26 01:32:43] Servis je i dalje UP
[2025-07-26 01:33:13] Servis je i dalje UP
[2025-07-26 01:33:43] Servis je i dalje UP
[2025-07-26 01:34:14] Servis je i dalje UP
[2025-07-26 01:34:44] Servis je i dalje UP
[2025-07-26 01:35:14] Servis je i dalje UP
[2025-07-26 01:35:44] Servis je i dalje UP
[2025-07-28 11:43:53] 🟢 Pokretanje monitoring skripte...
[2025-07-28 11:43:53] :white_check_mark: Servis je ponovo UP na http://gs-rest-service-mphw.onrender.com/greeting
